<?xml version="1.0" encoding="UTF-8"?>
<!-- Generated by org.testng.reporters.JUnitReportReporter -->
<testsuite skipped="0" hostname="SaranyaPC" name="Testcases.AccountCreationTest" tests="1" failures="0" timestamp="2020-05-31T19:24:52 IST" time="24.995" errors="0">
  <testcase name="NewReistration" time="24.995" classname="Testcases.AccountCreationTest"/>
  <system-out/>
</testsuite> <!-- Testcases.AccountCreationTest -->
