<?xml version="1.0" encoding="UTF-8"?>
<!-- Generated by org.testng.reporters.JUnitReportReporter -->
<testsuite skipped="0" hostname="SaranyaPC" name="Testcases.AccountCreationTest" tests="1" failures="0" timestamp="2020-06-03T08:53:09 IST" time="25.106" errors="0">
  <testcase name="NewReistration" time="25.106" classname="Testcases.AccountCreationTest"/>
  <system-out/>
</testsuite> <!-- Testcases.AccountCreationTest -->
