<?xml version="1.0" encoding="UTF-8"?>
<!-- Generated by org.testng.reporters.JUnitReportReporter -->
<testsuite skipped="0" hostname="SaranyaPC" name="Testcases.E2ETest" tests="1" failures="0" timestamp="2020-06-03T08:53:09 IST" time="25.676" errors="0">
  <testcase name="E2ETesting" time="25.676" classname="Testcases.E2ETest"/>
  <system-out/>
</testsuite> <!-- Testcases.E2ETest -->
