<?xml version="1.0" encoding="UTF-8"?>
<!-- Generated by org.testng.reporters.JUnitReportReporter -->
<testsuite skipped="0" hostname="SaranyaPC" name="Testcases.CompleteOrderTest" tests="1" failures="0" timestamp="2020-05-31T15:46:48 IST" time="5.308" errors="0">
  <testcase name="CompleteOrder" time="5.308" classname="Testcases.CompleteOrderTest"/>
  <system-out/>
</testsuite> <!-- Testcases.CompleteOrderTest -->
