<?xml version="1.0" encoding="UTF-8"?>
<!-- Generated by org.testng.reporters.JUnitReportReporter -->
<testsuite skipped="0" hostname="SaranyaPC" name="Testcases.AccountCreationTest" tests="1" failures="0" timestamp="2020-05-31T19:08:11 IST" time="27.378" errors="0">
  <testcase name="NewReistration" time="27.378" classname="Testcases.AccountCreationTest"/>
  <system-out/>
</testsuite> <!-- Testcases.AccountCreationTest -->
