<?xml version="1.0" encoding="UTF-8"?>
<!-- Generated by org.testng.reporters.JUnitReportReporter -->
<testsuite skipped="0" hostname="SaranyaPC" name="Testcases.LoginTest" tests="1" failures="0" timestamp="2020-06-03T08:53:09 IST" time="4.406" errors="0">
  <testcase name="Login" time="4.406" classname="Testcases.LoginTest"/>
  <system-out/>
</testsuite> <!-- Testcases.LoginTest -->
