<?xml version="1.0" encoding="UTF-8"?>
<!-- Generated by org.testng.reporters.JUnitReportReporter -->
<testsuite skipped="0" hostname="SaranyaPC" name="Testcases.E2ETest" tests="1" failures="0" timestamp="2020-05-31T19:24:52 IST" time="31.411" errors="0">
  <testcase name="E2ETesting" time="31.411" classname="Testcases.E2ETest"/>
  <system-out/>
</testsuite> <!-- Testcases.E2ETest -->
