<?xml version="1.0" encoding="UTF-8"?>
<!-- Generated by org.testng.reporters.JUnitReportReporter -->
<testsuite skipped="0" hostname="SaranyaPC" name="Testcases.LoginTest" tests="1" failures="0" timestamp="2020-05-31T19:24:52 IST" time="4.258" errors="0">
  <testcase name="Login" time="4.258" classname="Testcases.LoginTest"/>
  <system-out/>
</testsuite> <!-- Testcases.LoginTest -->
